#
# There is insufficient memory for the Java Runtime Environment to continue.
# Native memory allocation (mmap) failed to map 201326592 bytes for G1 virtual space
# Possible reasons:
#   The system is out of physical RAM or swap space
#   The process is running with CompressedOops enabled, and the Java Heap may be blocking the growth of the native heap
# Possible solutions:
#   Reduce memory load on the system
#   Increase physical memory or swap space
#   Check if swap backing store is full
#   Decrease Java heap size (-Xmx/-Xms)
#   Decrease number of Java threads
#   Decrease Java thread stack sizes (-Xss)
#   Set larger code cache with -XX:ReservedCodeCacheSize=
#   JVM is running with Zero Based Compressed Oops mode in which the Java heap is
#     placed in the first 32GB address space. The Java Heap base address is the
#     maximum limit for the native heap growth. Please use -XX:HeapBaseMinAddress
#     to set the Java Heap base and to place the Java Heap above 32GB virtual address.
# This output file may be truncated or incomplete.
#
#  Out of Memory Error (os_windows.cpp:3532), pid=8772, tid=15552
#
# JRE version:  (17.0.2+8) (build )
# Java VM: OpenJDK 64-Bit Server VM (17.0.2+8-86, mixed mode, sharing, tiered, compressed oops, compressed class ptrs, g1 gc, windows-amd64)
# No core dump will be written. Minidumps are not enabled by default on client versions of Windows
#

---------------  S U M M A R Y ------------

Command Line: -Dclassworlds.conf=C:\apache-maven-3.6.3\bin\..\bin\m2.conf -Dmaven.home=C:\apache-maven-3.6.3\bin\.. -Dlibrary.jansi.path=C:\apache-maven-3.6.3\bin\..\lib\jansi-native -Dmaven.multiModuleProjectDirectory=C:\Apache\webapps\skill_share org.codehaus.plexus.classworlds.launcher.Launcher -Dnetbeans.deploy=true -Dexec.vmArgs= -Dexec.appArgs= -Dmaven.ext.class.path=C:\Program Files\NetBeans-13\netbeans\java\maven-nblib\netbeans-eventspy.jar -Dfile.encoding=UTF-8 package

Host: Intel(R) Core(TM) i5-7200U CPU @ 2.50GHz, 4 cores, 11G,  Windows 10 , 64 bit Build 17134 (10.0.17134.753)
Time: Thu Sep 22 14:47:01 2022 South Africa Standard Time elapsed time: 0.087657 seconds (0d 0h 0m 0s)

---------------  T H R E A D  ---------------

Current thread (0x0000024f008887e0):  JavaThread "Unknown thread" [_thread_in_vm, id=15552, stack(0x000000f198f00000,0x000000f199000000)]

Stack: [0x000000f198f00000,0x000000f199000000]
Native frames: (J=compiled Java code, j=interpreted, Vv=VM code, C=native code)
V  [jvm.dll+0x670baa]
V  [jvm.dll+0x7cfcb4]
V  [jvm.dll+0x7d145e]
V  [jvm.dll+0x7d1ac3]
V  [jvm.dll+0x242bc5]
V  [jvm.dll+0x66dac9]
V  [jvm.dll+0x662412]
V  [jvm.dll+0x300c0b]
V  [jvm.dll+0x3081a6]
V  [jvm.dll+0x357d0e]
V  [jvm.dll+0x357f3f]
V  [jvm.dll+0x2d7ec8]
V  [jvm.dll+0x2d8e34]
V  [jvm.dll+0x7a18c1]
V  [jvm.dll+0x365a91]
V  [jvm.dll+0x780d2c]
V  [jvm.dll+0x3e845f]
V  [jvm.dll+0x3e9f01]
C  [jli.dll+0x527b]
C  [ucrtbase.dll+0x1e3fe]
C  [KERNEL32.dll+0x14034]
C  [ntdll.dll+0x73691]


---------------  P R O C E S S  ---------------

Threads class SMR info:
_java_thread_list=0x00007ffc0e769858, length=0, elements={
}

Java Threads: ( => current thread )

Other Threads:
  0x0000024f008ca0b0 GCTaskThread "GC Thread#0" [stack: 0x000000f199000000,0x000000f199100000] [id=1716]
  0x0000024f008d7ec0 ConcurrentGCThread "G1 Main Marker" [stack: 0x000000f199100000,0x000000f199200000] [id=19424]
  0x0000024f008d9490 ConcurrentGCThread "G1 Conc#0" [stack: 0x000000f199200000,0x000000f199300000] [id=988]

[error occurred during error reporting (printing all threads), id 0xc0000005, EXCEPTION_ACCESS_VIOLATION (0xc0000005) at pc=0x00007ffc0dfb88a7]

VM state: not at safepoint (not fully initialized)

VM Mutex/Monitor currently owned by a thread:  ([mutex/lock_event])
[0x0000024f00885b30] Heap_lock - owner thread: 0x0000024f008887e0

Heap address: 0x0000000741400000, size: 3052 MB, Compressed Oops mode: Zero based, Oop shift amount: 3

CDS archive(s) mapped at: [0x0000000000000000-0x0000000000000000-0x0000000000000000), size 0, SharedBaseAddress: 0x0000000800000000, ArchiveRelocationMode: 0.
Narrow klass base: 0x0000000000000000, Narrow klass shift: 0, Narrow klass range: 0x0

GC Precious Log:
<Empty>

Heap:
 garbage-first heap   total 0K, used 0K [0x0000000741400000, 0x0000000800000000)
  region size 2048K, 0 young (0K), 0 survivors (0K)

[error occurred during error reporting (printing heap information), id 0xc0000005, EXCEPTION_ACCESS_VIOLATION (0xc0000005) at pc=0x00007ffc0e399f19]

GC Heap History (0 events):
No events

Deoptimization events (0 events):
No events

Classes unloaded (0 events):
No events

Classes redefined (0 events):
No events

Internal exceptions (0 events):
No events

VM Operations (0 events):
No events

Events (1 events):
Event: 0.043 Loaded shared library C:\Program Files\jdk-17.0.2\bin\java.dll


Dynamic libraries:
0x00007ff7a1590000 - 0x00007ff7a159e000 	C:\Program Files\jdk-17.0.2\bin\java.exe
0x00007ffc8d220000 - 0x00007ffc8d401000 	C:\WINDOWS\SYSTEM32\ntdll.dll
0x00007ffc8d130000 - 0x00007ffc8d1e1000 	C:\WINDOWS\System32\KERNEL32.dll
0x00007ffc89230000 - 0x00007ffc89330000 	C:\Windows\system32\hmpalert.dll
0x00007ffc89730000 - 0x00007ffc899a3000 	C:\WINDOWS\System32\KERNELBASE.dll
0x00007ffc895e0000 - 0x00007ffc896d8000 	C:\WINDOWS\System32\ucrtbase.dll
0x00007ffc75390000 - 0x00007ffc753aa000 	C:\Program Files\jdk-17.0.2\bin\VCRUNTIME140.dll
0x00007ffc7a550000 - 0x00007ffc7a568000 	C:\Program Files\jdk-17.0.2\bin\jli.dll
0x00007ffc8c590000 - 0x00007ffc8c720000 	C:\WINDOWS\System32\USER32.dll
0x00007ffc89b50000 - 0x00007ffc89b70000 	C:\WINDOWS\System32\win32u.dll
0x00007ffc8c410000 - 0x00007ffc8c438000 	C:\WINDOWS\System32\GDI32.dll
0x00007ffc899b0000 - 0x00007ffc89b41000 	C:\WINDOWS\System32\gdi32full.dll
0x00007ffc8a600000 - 0x00007ffc8a69f000 	C:\WINDOWS\System32\msvcp_win.dll
0x00007ffc6f020000 - 0x00007ffc6f289000 	C:\WINDOWS\WinSxS\amd64_microsoft.windows.common-controls_6595b64144ccf1df_6.0.17134.1304_none_d3fbe61b7c93d9f0\COMCTL32.dll
0x00007ffc8c7d0000 - 0x00007ffc8c86e000 	C:\WINDOWS\System32\msvcrt.dll
0x00007ffc8cc00000 - 0x00007ffc8cf21000 	C:\WINDOWS\System32\combase.dll
0x00007ffc8c870000 - 0x00007ffc8c994000 	C:\WINDOWS\System32\RPCRT4.dll
0x00007ffc8a580000 - 0x00007ffc8a5f9000 	C:\WINDOWS\System32\bcryptPrimitives.dll
0x00007ffc8c560000 - 0x00007ffc8c58d000 	C:\WINDOWS\System32\IMM32.DLL
0x00007ffc7b400000 - 0x00007ffc7b40c000 	C:\Program Files\jdk-17.0.2\bin\vcruntime140_1.dll
0x00007ffc69550000 - 0x00007ffc695dd000 	C:\Program Files\jdk-17.0.2\bin\msvcp140.dll
0x00007ffc0dcd0000 - 0x00007ffc0e891000 	C:\Program Files\jdk-17.0.2\bin\server\jvm.dll
0x00007ffc8c720000 - 0x00007ffc8c7c1000 	C:\WINDOWS\System32\ADVAPI32.dll
0x00007ffc8ad80000 - 0x00007ffc8addb000 	C:\WINDOWS\System32\sechost.dll
0x00007ffc8abc0000 - 0x00007ffc8abc8000 	C:\WINDOWS\System32\PSAPI.DLL
0x00007ffc853c0000 - 0x00007ffc853ca000 	C:\WINDOWS\SYSTEM32\VERSION.dll
0x00007ffc87ff0000 - 0x00007ffc87ff9000 	C:\WINDOWS\SYSTEM32\WSOCK32.dll
0x00007ffc7b470000 - 0x00007ffc7b493000 	C:\WINDOWS\SYSTEM32\WINMM.dll
0x00007ffc8c440000 - 0x00007ffc8c4ac000 	C:\WINDOWS\System32\WS2_32.dll
0x00007ffc7b440000 - 0x00007ffc7b46a000 	C:\WINDOWS\SYSTEM32\WINMMBASE.dll
0x00007ffc896e0000 - 0x00007ffc89729000 	C:\WINDOWS\System32\cfgmgr32.dll
0x00007ffc895a0000 - 0x00007ffc895b1000 	C:\WINDOWS\System32\kernel.appcore.dll
0x00007ffc79490000 - 0x00007ffc7949a000 	C:\Program Files\jdk-17.0.2\bin\jimage.dll
0x00007ffc87e00000 - 0x00007ffc87fc9000 	C:\WINDOWS\SYSTEM32\DBGHELP.DLL
0x00007ffc796d0000 - 0x00007ffc796f9000 	C:\WINDOWS\SYSTEM32\dbgcore.DLL
0x00007ffc720b0000 - 0x00007ffc720d5000 	C:\Program Files\jdk-17.0.2\bin\java.dll

dbghelp: loaded successfully - version: 4.0.5 - missing functions: none
symbol engine: initialized successfully - sym options: 0x614 - pdb path: .;C:\Program Files\jdk-17.0.2\bin;C:\WINDOWS\SYSTEM32;C:\WINDOWS\WinSxS\amd64_microsoft.windows.common-controls_6595b64144ccf1df_6.0.17134.1304_none_d3fbe61b7c93d9f0;C:\Program Files\jdk-17.0.2\bin\server

VM Arguments:
jvm_args: -Dclassworlds.conf=C:\apache-maven-3.6.3\bin\..\bin\m2.conf -Dmaven.home=C:\apache-maven-3.6.3\bin\.. -Dlibrary.jansi.path=C:\apache-maven-3.6.3\bin\..\lib\jansi-native -Dmaven.multiModuleProjectDirectory=C:\Apache\webapps\skill_share 
java_command: org.codehaus.plexus.classworlds.launcher.Launcher -Dnetbeans.deploy=true -Dexec.vmArgs= -Dexec.appArgs= -Dmaven.ext.class.path=C:\Program Files\NetBeans-13\netbeans\java\maven-nblib\netbeans-eventspy.jar -Dfile.encoding=UTF-8 package
java_class_path (initial): C:\apache-maven-3.6.3\bin\..\boot\plexus-classworlds-2.6.0.jar
Launcher Type: SUN_STANDARD

[Global flags]
     intx CICompilerCount                          = 3                                         {product} {ergonomic}
     uint ConcGCThreads                            = 1                                         {product} {ergonomic}
     uint G1ConcRefinementThreads                  = 4                                         {product} {ergonomic}
   size_t G1HeapRegionSize                         = 2097152                                   {product} {ergonomic}
    uintx GCDrainStackTargetSize                   = 64                                        {product} {ergonomic}
   size_t InitialHeapSize                          = 201326592                                 {product} {ergonomic}
   size_t MarkStackSize                            = 4194304                                   {product} {ergonomic}
   size_t MaxHeapSize                              = 3200253952                                {product} {ergonomic}
   size_t MinHeapDeltaBytes                        = 2097152                                   {product} {ergonomic}
   size_t MinHeapSize                              = 8388608                                   {product} {ergonomic}
    uintx NonNMethodCodeHeapSize                   = 5832780                                {pd product} {ergonomic}
    uintx NonProfiledCodeHeapSize                  = 122912730                              {pd product} {ergonomic}
    uintx ProfiledCodeHeapSize                     = 122912730                              {pd product} {ergonomic}
    uintx ReservedCodeCacheSize                    = 251658240                              {pd product} {ergonomic}
     bool SegmentedCodeCache                       = true                                      {product} {ergonomic}
   size_t SoftMaxHeapSize                          = 3200253952                             {manageable} {ergonomic}
     bool UseCompressedClassPointers               = true                           {product lp64_product} {ergonomic}
     bool UseCompressedOops                        = true                           {product lp64_product} {ergonomic}
     bool UseG1GC                                  = true                                      {product} {ergonomic}
     bool UseLargePagesIndividualAllocation        = false                                  {pd product} {ergonomic}

Logging:
Log output configuration:
 #0: stdout all=warning uptime,level,tags
 #1: stderr all=off uptime,level,tags

Environment Variables:
JAVA_HOME=C:\Program Files\jdk-17.0.2
CLASSPATH=d:\sybase\Shared\Sun\jdk117\lib\classes.zip;c:\Sun\jdk117\lib\classes.zip;D:\SAGESYSTEM\RUNTIME;C:\Program Files (x86)\Business Objects\Common\3.5\bin\NOTES\;C:\Program Files (x86)\Business Objects\Common\3.5\bin\NOTES\DATA\;C:\Program Files (x86)\Sage\SageAccpac\RUNTIME;\\acc-db\Sage\SageAccpac\RUNTIME;C:\WINDOWS\system32;C:\WINDOWS;C:\WINDOWS\System32\Wbem;C:\WINDOWS\System32\WindowsPowerShell\v1.0\;d:\sybase\Adaptive Server Anywhere 6.0\win32;d:\sybase\Shared\Sun\jdk117\bin;C:\WINDOWS\System32\OpenSSH\;C:\Program Files (x86)\Microsoft SQL Server\90\Tools\binn\;C:\Program Files\MySQL\MySQL Server 8.0\bin;C:\Program Files\Java\jdk1.8.0_45\bin;c:\Adaptive Server Anywhere 6.0\win32;c:\Sun\jdk117\bin;c:\PowerDynamo\win32;–àtøÚ;d:\powerbuilder\Shared\Sun\jdk117\lib\classes.zip;e:\powerbuilder\Sun\jdk117\lib\classes.zip;e:\power builder\Sun\jdk117\lib\classes.zip;d:\imespowerbuilder\Sun\jdk117\lib\classes.zip;E:\ORACLE10\jdbc\lib\ojdbc14.jar;C:\oracle\instantclient_21_3;
PATH=E:\ORACLE10\bin;D:\SAGESYSTEM\RUNTIME;C:\Program Files (x86)\Business Objects\Common\3.5\bin\NOTES\;C:\Program Files (x86)\Business Objects\Common\3.5\bin\NOTES\DATA\;C:\Program Files (x86)\Sage\SageAccpac\RUNTIME;\\acc-db\Sage\SageAccpac\RUNTIME;C:\WINDOWS\system32;C:\WINDOWS;C:\WINDOWS\System32\Wbem;C:\WINDOWS\System32\WindowsPowerShell\v1.0\;d:\sybase\Adaptive Server Anywhere 6.0\win32;d:\sybase\Shared\Sun\jdk117\bin;C:\WINDOWS\System32\OpenSSH\;C:\Program Files (x86)\Microsoft SQL Server\90\Tools\binn\;C:\Program Files\MySQL\MySQL Server 8.0\bin;C:\Program Files\Java\jdk1.8.0_45\bin;c:\Adaptive Server Anywhere 6.0\win32;c:\Sun\jdk117\bin;c:\PowerDynamo\win32;–àtøÚ;d:\powerbuilder\Adaptive Server Anywhere 6.0\win32;d:\powerbuilder\Shared\Sun\jdk117\bin;e:\powerbuilder\Adaptive Server Anywhere 6.0\win32;e:\powerbuilder\Sun\jdk117\bin;e:\power builder\Adaptive Server Anywhere 6.0\win32;e:\power builder\Sun\jdk117\bin;C:\Program Files\PuTTY\;C:\Program Files\Git\cmd;E:\ORACLE10\jdbc\lib\ojdbc14.jar;C:\oracle\instantclient_21_3;C:\apache-maven-3.6.3\bin;C:\Program Files (x86)\Calibre2\;C:\Program Files\jdk-17.0.2\bin;C:\Program Files\nodejs\;C:\Users\Administrator\AppData\Local\Microsoft\WindowsApps;C:\Users\Administrator\AppData\Roaming\npm;C:\Users\Administrator\AppData\Local\Programs\Microsoft VS Code\bin
USERNAME=Administrator
OS=Windows_NT
PROCESSOR_IDENTIFIER=Intel64 Family 6 Model 142 Stepping 9, GenuineIntel



---------------  S Y S T E M  ---------------

OS:
 Windows 10 , 64 bit Build 17134 (10.0.17134.753)
OS uptime: 17 days 5:40 hours

CPU: total 4 (initial active 4) (2 cores per cpu, 2 threads per core) family 6 model 142 stepping 9 microcode 0x8e, cx8, cmov, fxsr, ht, mmx, 3dnowpref, sse, sse2, sse3, ssse3, sse4.1, sse4.2, popcnt, lzcnt, tsc, tscinvbit, avx, avx2, aes, erms, clmul, bmi1, bmi2, adx, fma, vzeroupper, clflush, clflushopt

Memory: 4k page, system-wide physical 12204M (5356M free)
TotalPageFile size 15055M (AvailPageFile size 130M)
current process WorkingSet (physical memory assigned to process): 10M, peak: 10M
current process commit charge ("private bytes"): 53M, peak: 245M

vm_info: OpenJDK 64-Bit Server VM (17.0.2+8-86) for windows-amd64 JRE (17.0.2+8-86), built on Dec  7 2021 21:49:10 by "mach5one" with MS VC++ 16.8 / 16.9 (VS2019)

END.
